[0m13:30:13.276018 [debug] [MainThread]: Sending event: {'category': 'dbt', 'action': 'invocation', 'label': 'start', 'context': [<snowplow_tracker.self_describing_json.SelfDescribingJson object at 0x000001EA04F31E90>, <snowplow_tracker.self_describing_json.SelfDescribingJson object at 0x000001EA04F337D0>, <snowplow_tracker.self_describing_json.SelfDescribingJson object at 0x000001EA04F33690>]}


============================== 13:30:13.284933 | 1a84f427-3d45-4525-9c58-fa049e0f58be ==============================
[0m13:30:13.284933 [info ] [MainThread]: Running with dbt=1.8.6
[0m13:30:13.284933 [debug] [MainThread]: running dbt with arguments {'printer_width': '80', 'indirect_selection': 'eager', 'log_cache_events': 'False', 'write_json': 'True', 'partial_parse': 'True', 'cache_selected_only': 'False', 'profiles_dir': 'C:\\Users\\DEll\\.dbt', 'fail_fast': 'False', 'debug': 'False', 'log_path': 'logs', 'version_check': 'True', 'warn_error': 'None', 'use_colors': 'True', 'use_experimental_parser': 'False', 'empty': 'None', 'quiet': 'False', 'no_print': 'None', 'warn_error_options': 'WarnErrorOptions(include=[], exclude=[])', 'introspect': 'True', 'invocation_command': 'dbt init', 'log_format': 'default', 'target_path': 'None', 'static_parser': 'True', 'send_anonymous_usage_stats': 'True'}
[0m13:30:33.277924 [debug] [MainThread]: Starter project path: C:\Users\DEll\AppData\Local\Programs\Python\Python311\Lib\site-packages\dbt\include\starter_project
[0m13:30:33.330296 [info ] [MainThread]: 
Your new dbt project "custom_postgres" was created!

For more information on how to configure the profiles.yml file,
please consult the dbt documentation here:

  https://docs.getdbt.com/docs/configure-your-profile

One more thing:

Need help? Don't hesitate to reach out to us via GitHub issues or on Slack:

  https://community.getdbt.com/

Happy modeling!

[0m13:30:33.334174 [info ] [MainThread]: Setting up your profile.
[0m13:32:27.453910 [info ] [MainThread]: Profile custom_postgres written to C:\Users\DEll\.dbt\profiles.yml using target's profile_template.yml and your supplied values. Run 'dbt debug' to validate the connection.
[0m13:32:27.454962 [debug] [MainThread]: Command `dbt init` succeeded at 13:32:27.454962 after 134.28 seconds
[0m13:32:27.454962 [debug] [MainThread]: Sending event: {'category': 'dbt', 'action': 'invocation', 'label': 'end', 'context': [<snowplow_tracker.self_describing_json.SelfDescribingJson object at 0x000001EA04F1B410>, <snowplow_tracker.self_describing_json.SelfDescribingJson object at 0x000001EA04F53150>, <snowplow_tracker.self_describing_json.SelfDescribingJson object at 0x000001EA044D9910>]}
[0m13:32:27.454962 [debug] [MainThread]: Flushing usage events
[0m13:32:38.164643 [debug] [MainThread]: Error sending anonymous usage statistics. Disabling tracking for this execution. If you wish to permanently disable tracking, see: https://docs.getdbt.com/reference/global-configs#send-anonymous-usage-stats.
